D:\DCPROTECT\DCPATCH\RELEASE\BOUNDIMPORTDIRECTORY.OBJ
D:\dcprotect\dcpatch\Release\cl.command.1.tlog
D:\dcprotect\dcpatch\Release\CL.read.1.tlog
D:\dcprotect\dcpatch\Release\CL.write.1.tlog
D:\DCPROTECT\DCPATCH\RELEASE\COMHEADERDIRECTORY.OBJ
D:\DCPROTECT\DCPATCH\RELEASE\DCPATCH.EXE.INTERMEDIATE.MANIFEST
D:\DCPROTECT\DCPATCH\RELEASE\DCPATCHER.OBJ
D:\DCPROTECT\DCPATCH\RELEASE\DEBUGDIRECTORY.OBJ
D:\DCPROTECT\DCPATCH\RELEASE\DECODER.OBJ
D:\DCPROTECT\DCPATCH\RELEASE\DISTORM.OBJ
D:\DCPROTECT\DCPATCH\RELEASE\EXPORTDIRECTORY.OBJ
D:\DCPROTECT\DCPATCH\RELEASE\IATDIRECTORY.OBJ
D:\DCPROTECT\DCPATCH\RELEASE\INPUTBUFFER.OBJ
D:\DCPROTECT\DCPATCH\RELEASE\INSTRUCTIONS.OBJ
D:\DCPROTECT\DCPATCH\RELEASE\INSTS.OBJ
D:\dcprotect\dcpatch\Release\link.command.1.tlog
D:\dcprotect\dcpatch\Release\link.read.1.tlog
D:\dcprotect\dcpatch\Release\link.write.1.tlog
D:\DCPROTECT\DCPATCH\RELEASE\MNEMONICS.OBJ
D:\dcprotect\dcpatch\Release\mt.command.1.tlog
D:\dcprotect\dcpatch\Release\mt.read.1.tlog
D:\dcprotect\dcpatch\Release\mt.write.1.tlog
D:\DCPROTECT\DCPATCH\RELEASE\MZHEADER.OBJ
D:\DCPROTECT\DCPATCH\RELEASE\OPERANDS.OBJ
D:\DCPROTECT\DCPATCH\RELEASE\OUTPUTBUFFER.OBJ
D:\DCPROTECT\DCPATCH\RELEASE\PEFILE.OBJ
D:\DCPROTECT\DCPATCH\RELEASE\PEHEADER.OBJ
D:\DCPROTECT\DCPATCH\RELEASE\PELIBAUX.OBJ
D:\DCPROTECT\DCPATCH\RELEASE\PREFIX.OBJ
D:\DCPROTECT\DCPATCH\RELEASE\RELOCATIONSDIRECTORY.OBJ
D:\DCPROTECT\DCPATCH\RELEASE\RESOURCEDIRECTORY.OBJ
D:\DCPROTECT\DCPATCH\RELEASE\RUNPATCHER.OBJ
D:\DCPROTECT\DCPATCH\RELEASE\TEXTDEFS.OBJ
D:\DCPROTECT\DCPATCH\RELEASE\VC100.PDB
D:\DCPROTECT\DCPATCH\RELEASE\WSTRING.OBJ
D:\DCPROTECT\RELEASE\DCPATCH.EXE
D:\DCPROTECT\RELEASE\DCPATCH.PDB
