Build started 7/12/2013 1:32:44 PM.
     1>Project "D:\dcprotect\dcprotect\dcprotect.vcxproj" on node 3 (rebuild target(s)).
     1>_PrepareForClean:
         Deleting file "Debug\dcprotect.lastbuildstate".
       InitializeBuildStatus:
         Creating "Debug\dcprotect.unsuccessfulbuild" because "AlwaysCreate" was specified.
       ClCompile:
         C:\Program Files\Microsoft Visual Studio 10.0\VC\bin\CL.exe /c /ZI /nologo /W3 /WX- /Od /Oy- /D WIN32 /D _DEBUG /D _CONSOLE /D _UNICODE /D UNICODE /Gm /EHsc /RTC1 /MDd /GS /fp:precise /Zc:wchar_t /Zc:forScope /Fo"Debug\\" /Fd"Debug\vc100.pdb" /Gd /TP /analyze- /errorReport:prompt dcplib.cpp dcprotect.cpp
         dcprotect.cpp
         dcplib.cpp
         Generating Code...
       ManifestResourceCompile:
         C:\Program Files\Microsoft SDKs\Windows\v7.0A\bin\rc.exe /nologo /fo"Debug\dcprotect.exe.embed.manifest.res" Debug\dcprotect_manifest.rc 
       Link:
         C:\Program Files\Microsoft Visual Studio 10.0\VC\bin\link.exe /ERRORREPORT:PROMPT /OUT:"D:\dcprotect\Debug\dcprotect.exe" /INCREMENTAL /NOLOGO kernel32.lib user32.lib gdi32.lib winspool.lib comdlg32.lib advapi32.lib shell32.lib ole32.lib oleaut32.lib uuid.lib odbc32.lib odbccp32.lib /MANIFEST /ManifestFile:"Debug\dcprotect.exe.intermediate.manifest" /MANIFESTUAC:"level='asInvoker' uiAccess='false'" /DEBUG /PDB:"D:\dcprotect\Debug\dcprotect.pdb" /SUBSYSTEM:CONSOLE /TLBID:1 /DYNAMICBASE /NXCOMPAT /IMPLIB:"D:\dcprotect\Debug\dcprotect.lib" /MACHINE:X86 Debug\dcprotect.exe.embed.manifest.res
         Debug\dcplib.obj
         Debug\dcprotect.obj
       Manifest:
         Deleting file "Debug\dcprotect.exe.embed.manifest".
         C:\Program Files\Microsoft SDKs\Windows\v7.0A\bin\mt.exe /nologo /verbose /out:"Debug\dcprotect.exe.embed.manifest" /manifest Debug\dcprotect.exe.intermediate.manifest
         C:\Program Files\Microsoft SDKs\Windows\v7.0A\bin\rc.exe /nologo /fo"Debug\dcprotect.exe.embed.manifest.res" Debug\dcprotect_manifest.rc 
       LinkEmbedManifest:
         C:\Program Files\Microsoft Visual Studio 10.0\VC\bin\link.exe /ERRORREPORT:PROMPT /OUT:"D:\dcprotect\Debug\dcprotect.exe" /INCREMENTAL /NOLOGO kernel32.lib user32.lib gdi32.lib winspool.lib comdlg32.lib advapi32.lib shell32.lib ole32.lib oleaut32.lib uuid.lib odbc32.lib odbccp32.lib /MANIFEST /ManifestFile:"Debug\dcprotect.exe.intermediate.manifest" /MANIFESTUAC:"level='asInvoker' uiAccess='false'" /DEBUG /PDB:"D:\dcprotect\Debug\dcprotect.pdb" /SUBSYSTEM:CONSOLE /TLBID:1 /DYNAMICBASE /NXCOMPAT /IMPLIB:"D:\dcprotect\Debug\dcprotect.lib" /MACHINE:X86 Debug\dcprotect.exe.embed.manifest.res
         Debug\dcplib.obj
         Debug\dcprotect.obj
         dcprotect.vcxproj -> D:\dcprotect\Debug\dcprotect.exe
       FinalizeBuildStatus:
         Deleting file "Debug\dcprotect.unsuccessfulbuild".
         Touching "Debug\dcprotect.lastbuildstate".
     1>Done Building Project "D:\dcprotect\dcprotect\dcprotect.vcxproj" (rebuild target(s)).

Build succeeded.

Time Elapsed 00:00:01.82
