D:\dcprotect\dcprotect\Debug\cl.command.1.tlog
D:\dcprotect\dcprotect\Debug\CL.read.1.tlog
D:\dcprotect\dcprotect\Debug\CL.write.1.tlog
D:\DCPROTECT\DCPROTECT\DEBUG\DCPLIB.OBJ
D:\DCPROTECT\DCPROTECT\DEBUG\DCPROTECT.EXE.EMBED.MANIFEST
D:\DCPROTECT\DCPROTECT\DEBUG\DCPROTECT.EXE.EMBED.MANIFEST.RES
D:\DCPROTECT\DCPROTECT\DEBUG\DCPROTECT.EXE.INTERMEDIATE.MANIFEST
D:\DCPROTECT\DCPROTECT\DEBUG\DCPROTECT.OBJ
D:\dcprotect\dcprotect\Debug\dcprotect_manifest.rc
D:\dcprotect\dcprotect\Debug\link.4508.read.1.tlog
D:\dcprotect\dcprotect\Debug\link.4508.write.1.tlog
D:\dcprotect\dcprotect\Debug\link.4508-cvtres.read.1.tlog
D:\dcprotect\dcprotect\Debug\link.4508-cvtres.write.1.tlog
D:\dcprotect\dcprotect\Debug\link.command.1.tlog
D:\dcprotect\dcprotect\Debug\link.read.1.tlog
D:\dcprotect\dcprotect\Debug\link.write.1.tlog
D:\dcprotect\dcprotect\Debug\link-cvtres.read.1.tlog
D:\dcprotect\dcprotect\Debug\link-cvtres.write.1.tlog
D:\dcprotect\dcprotect\Debug\mt.command.1.tlog
D:\dcprotect\dcprotect\Debug\mt.read.1.tlog
D:\dcprotect\dcprotect\Debug\mt.write.1.tlog
D:\dcprotect\dcprotect\Debug\rc.command.1.tlog
D:\dcprotect\dcprotect\Debug\rc.read.1.tlog
D:\dcprotect\dcprotect\Debug\rc.write.1.tlog
D:\dcprotect\dcprotect\Debug\vc100.idb
D:\DCPROTECT\DCPROTECT\DEBUG\VC100.PDB
D:\DCPROTECT\DEBUG\DCPROTECT.EXE
D:\DCPROTECT\DEBUG\DCPROTECT.ILK
D:\DCPROTECT\DEBUG\DCPROTECT.PDB
