D:\DCPROTECT\DCPATCH\DEBUG\BOUNDIMPORTDIRECTORY.OBJ
D:\dcprotect\dcpatch\Debug\cl.command.1.tlog
D:\dcprotect\dcpatch\Debug\CL.read.1.tlog
D:\dcprotect\dcpatch\Debug\CL.write.1.tlog
D:\DCPROTECT\DCPATCH\DEBUG\COMHEADERDIRECTORY.OBJ
D:\DCPROTECT\DCPATCH\DEBUG\DCPATCH.EXE.EMBED.MANIFEST
D:\DCPROTECT\DCPATCH\DEBUG\DCPATCH.EXE.EMBED.MANIFEST.RES
D:\DCPROTECT\DCPATCH\DEBUG\DCPATCH.EXE.INTERMEDIATE.MANIFEST
D:\dcprotect\dcpatch\Debug\dcpatch_manifest.rc
D:\DCPROTECT\DCPATCH\DEBUG\DCPATCHER.OBJ
D:\DCPROTECT\DCPATCH\DEBUG\DEBUGDIRECTORY.OBJ
D:\DCPROTECT\DCPATCH\DEBUG\DECODER.OBJ
D:\DCPROTECT\DCPATCH\DEBUG\DISTORM.OBJ
D:\DCPROTECT\DCPATCH\DEBUG\EXPORTDIRECTORY.OBJ
D:\DCPROTECT\DCPATCH\DEBUG\IATDIRECTORY.OBJ
D:\DCPROTECT\DCPATCH\DEBUG\INPUTBUFFER.OBJ
D:\DCPROTECT\DCPATCH\DEBUG\INSTRUCTIONS.OBJ
D:\DCPROTECT\DCPATCH\DEBUG\INSTS.OBJ
D:\dcprotect\dcpatch\Debug\link.5096.read.1.tlog
D:\dcprotect\dcpatch\Debug\link.5096.write.1.tlog
D:\dcprotect\dcpatch\Debug\link.5096-cvtres.read.1.tlog
D:\dcprotect\dcpatch\Debug\link.5096-cvtres.write.1.tlog
D:\dcprotect\dcpatch\Debug\link.command.1.tlog
D:\dcprotect\dcpatch\Debug\link.read.1.tlog
D:\dcprotect\dcpatch\Debug\link.write.1.tlog
D:\dcprotect\dcpatch\Debug\link-cvtres.read.1.tlog
D:\dcprotect\dcpatch\Debug\link-cvtres.write.1.tlog
D:\DCPROTECT\DCPATCH\DEBUG\MNEMONICS.OBJ
D:\dcprotect\dcpatch\Debug\mt.command.1.tlog
D:\dcprotect\dcpatch\Debug\mt.read.1.tlog
D:\dcprotect\dcpatch\Debug\mt.write.1.tlog
D:\DCPROTECT\DCPATCH\DEBUG\MZHEADER.OBJ
D:\DCPROTECT\DCPATCH\DEBUG\OPERANDS.OBJ
D:\DCPROTECT\DCPATCH\DEBUG\OUTPUTBUFFER.OBJ
D:\DCPROTECT\DCPATCH\DEBUG\PEFILE.OBJ
D:\DCPROTECT\DCPATCH\DEBUG\PEHEADER.OBJ
D:\DCPROTECT\DCPATCH\DEBUG\PELIBAUX.OBJ
D:\DCPROTECT\DCPATCH\DEBUG\PREFIX.OBJ
D:\dcprotect\dcpatch\Debug\rc.command.1.tlog
D:\dcprotect\dcpatch\Debug\rc.read.1.tlog
D:\dcprotect\dcpatch\Debug\rc.write.1.tlog
D:\DCPROTECT\DCPATCH\DEBUG\RELOCATIONSDIRECTORY.OBJ
D:\DCPROTECT\DCPATCH\DEBUG\RESOURCEDIRECTORY.OBJ
D:\DCPROTECT\DCPATCH\DEBUG\RUNPATCHER.OBJ
D:\DCPROTECT\DCPATCH\DEBUG\TEXTDEFS.OBJ
D:\dcprotect\dcpatch\Debug\vc100.idb
D:\DCPROTECT\DCPATCH\DEBUG\VC100.PDB
D:\DCPROTECT\DCPATCH\DEBUG\WSTRING.OBJ
D:\DCPROTECT\DEBUG\DCPATCH.EXE
D:\DCPROTECT\DEBUG\DCPATCH.ILK
D:\DCPROTECT\DEBUG\DCPATCH.PDB
