Build started 7/11/2013 4:19:31 PM.
     1>Project "D:\dcprotect\dcpatch\dcpatch.vcxproj" on node 3 (rebuild target(s)).
     1>_PrepareForClean:
         Deleting file "Debug\dcpatch.lastbuildstate".
       InitializeBuildStatus:
         Creating "Debug\dcpatch.unsuccessfulbuild" because "AlwaysCreate" was specified.
       ClCompile:
         C:\Program Files\Microsoft Visual Studio 10.0\VC\bin\CL.exe /c /ZI /nologo /W3 /WX- /Od /Oy- /D WIN32 /D _DEBUG /D _CONSOLE /D _UNICODE /D UNICODE /Gm /EHsc /RTC1 /MDd /GS /fp:precise /Zc:wchar_t /Zc:forScope /Fo"Debug\\" /Fd"Debug\vc100.pdb" /Gd /TP /analyze- /errorReport:prompt DCPatcher.cpp pespec\BoundImportDirectory.cpp pespec\buffer\InputBuffer.cpp pespec\buffer\OutputBuffer.cpp pespec\ComHeaderDirectory.cpp pespec\DebugDirectory.cpp pespec\ExportDirectory.cpp pespec\IatDirectory.cpp pespec\MzHeader.cpp pespec\PeFile.cpp pespec\PeHeader.cpp pespec\PeLibAux.cpp pespec\RelocationsDirectory.cpp pespec\ResourceDirectory.cpp RunPatcher.cpp
         RunPatcher.cpp
         ResourceDirectory.cpp
     1>d:\dcprotect\dcpatch\pespec\resourcedirectory.cpp(488): warning C4244: 'argument' : conversion from 'wchar_t' to 'char', possible loss of data
         RelocationsDirectory.cpp
         PeLibAux.cpp
     1>d:\dcprotect\dcpatch\pespec\pelibaux.cpp(33): warning C4244: 'return' : conversion from 'std::streamoff' to 'unsigned int', possible loss of data
     1>d:\dcprotect\dcpatch\pespec\pelibaux.cpp(38): warning C4244: 'initializing' : conversion from 'std::streamoff' to 'unsigned int', possible loss of data
     1>d:\dcprotect\dcpatch\pespec\pelibaux.cpp(40): warning C4244: 'initializing' : conversion from 'std::streamoff' to 'unsigned int', possible loss of data
     1>d:\dcprotect\dcpatch\pespec\pelibaux.cpp(47): warning C4244: 'initializing' : conversion from 'std::streamoff' to 'unsigned int', possible loss of data
     1>d:\dcprotect\dcpatch\pespec\pelibaux.cpp(49): warning C4244: 'initializing' : conversion from 'std::streamoff' to 'unsigned int', possible loss of data
     1>d:\dcprotect\dcpatch\pespec\pelibaux.cpp(56): warning C4244: 'initializing' : conversion from 'std::streamoff' to 'unsigned int', possible loss of data
     1>d:\dcprotect\dcpatch\pespec\pelibaux.cpp(58): warning C4244: 'initializing' : conversion from 'std::streamoff' to 'unsigned int', possible loss of data
         PeHeader.cpp
         PeFile.cpp
         MzHeader.cpp
         IatDirectory.cpp
         ExportDirectory.cpp
         DebugDirectory.cpp
         ComHeaderDirectory.cpp
         OutputBuffer.cpp
         InputBuffer.cpp
     1>c:\program files\microsoft visual studio 10.0\vc\include\xutility(2227): warning C4996: 'std::_Copy_impl': Function call with parameters that may be unsafe - this call relies on the caller to check that the passed values are correct. To disable this warning, use -D_SCL_SECURE_NO_WARNINGS. See documentation on how to use Visual C++ 'Checked Iterators'
                 c:\program files\microsoft visual studio 10.0\vc\include\xutility(2212) : see declaration of 'std::_Copy_impl'
                 d:\dcprotect\dcpatch\pespec\buffer\inputbuffer.cpp(27) : see reference to function template instantiation '_OutIt std::copy<unsigned char*,char*>(_InIt,_InIt,_OutIt)' being compiled
                 with
                 [
                     _OutIt=char *,
                     _InIt=unsigned char *
                 ]
         BoundImportDirectory.cpp
         DCPatcher.cpp
     1>c:\program files\microsoft visual studio 10.0\vc\include\xutility(2227): warning C4996: 'std::_Copy_impl': Function call with parameters that may be unsafe - this call relies on the caller to check that the passed values are correct. To disable this warning, use -D_SCL_SECURE_NO_WARNINGS. See documentation on how to use Visual C++ 'Checked Iterators'
                 c:\program files\microsoft visual studio 10.0\vc\include\xutility(2212) : see declaration of 'std::_Copy_impl'
                 d:\dcprotect\dcpatch\dcpatcher.cpp(209) : see reference to function template instantiation '_OutIt std::copy<std::_Vector_iterator<_Myvec>,byte*>(_InIt,_InIt,_OutIt)' being compiled
                 with
                 [
                     _OutIt=byte *,
                     _Myvec=std::_Vector_val<unsigned char,std::allocator<unsigned char>>,
                     _InIt=std::_Vector_iterator<std::_Vector_val<unsigned char,std::allocator<unsigned char>>>
                 ]
         Generating Code...
         C:\Program Files\Microsoft Visual Studio 10.0\VC\bin\CL.exe /c /ZI /nologo /W3 /WX- /Od /Oy- /D WIN32 /D _DEBUG /D _CONSOLE /D _UNICODE /D UNICODE /Gm /EHsc /RTC1 /MDd /GS /fp:precise /Zc:wchar_t /Zc:forScope /Fo"Debug\\" /Fd"Debug\vc100.pdb" /Gd /TC /analyze- /errorReport:prompt disasm\decoder.c disasm\distorm.c disasm\instructions.c disasm\insts.c disasm\mnemonics.c disasm\operands.c disasm\prefix.c disasm\textdefs.c disasm\wstring.c
         wstring.c
         textdefs.c
         prefix.c
         operands.c
         mnemonics.c
         insts.c
         instructions.c
         distorm.c
         decoder.c
         Generating Code...
       ManifestResourceCompile:
         C:\Program Files\Microsoft SDKs\Windows\v7.0A\bin\rc.exe /nologo /fo"Debug\dcpatch.exe.embed.manifest.res" Debug\dcpatch_manifest.rc 
       Link:
         C:\Program Files\Microsoft Visual Studio 10.0\VC\bin\link.exe /ERRORREPORT:PROMPT /OUT:"D:\dcprotect\Debug\dcpatch.exe" /INCREMENTAL /NOLOGO kernel32.lib user32.lib gdi32.lib winspool.lib comdlg32.lib advapi32.lib shell32.lib ole32.lib oleaut32.lib uuid.lib odbc32.lib odbccp32.lib /MANIFEST /ManifestFile:"Debug\dcpatch.exe.intermediate.manifest" /MANIFESTUAC:"level='asInvoker' uiAccess='false'" /DEBUG /PDB:"D:\dcprotect\Debug\dcpatch.pdb" /SUBSYSTEM:CONSOLE /TLBID:1 /DYNAMICBASE /NXCOMPAT /IMPLIB:"D:\dcprotect\Debug\dcpatch.lib" /MACHINE:X86 Debug\dcpatch.exe.embed.manifest.res
         Debug\DCPatcher.obj
         Debug\BoundImportDirectory.obj
         Debug\InputBuffer.obj
         Debug\OutputBuffer.obj
         Debug\ComHeaderDirectory.obj
         Debug\DebugDirectory.obj
         Debug\ExportDirectory.obj
         Debug\IatDirectory.obj
         Debug\MzHeader.obj
         Debug\PeFile.obj
         Debug\PeHeader.obj
         Debug\PeLibAux.obj
         Debug\RelocationsDirectory.obj
         Debug\ResourceDirectory.obj
         Debug\RunPatcher.obj
         Debug\decoder.obj
         Debug\distorm.obj
         Debug\instructions.obj
         Debug\insts.obj
         Debug\mnemonics.obj
         Debug\operands.obj
         Debug\prefix.obj
         Debug\textdefs.obj
         Debug\wstring.obj
       Manifest:
         Deleting file "Debug\dcpatch.exe.embed.manifest".
         C:\Program Files\Microsoft SDKs\Windows\v7.0A\bin\mt.exe /nologo /verbose /out:"Debug\dcpatch.exe.embed.manifest" /manifest Debug\dcpatch.exe.intermediate.manifest
         C:\Program Files\Microsoft SDKs\Windows\v7.0A\bin\rc.exe /nologo /fo"Debug\dcpatch.exe.embed.manifest.res" Debug\dcpatch_manifest.rc 
       LinkEmbedManifest:
         C:\Program Files\Microsoft Visual Studio 10.0\VC\bin\link.exe /ERRORREPORT:PROMPT /OUT:"D:\dcprotect\Debug\dcpatch.exe" /INCREMENTAL /NOLOGO kernel32.lib user32.lib gdi32.lib winspool.lib comdlg32.lib advapi32.lib shell32.lib ole32.lib oleaut32.lib uuid.lib odbc32.lib odbccp32.lib /MANIFEST /ManifestFile:"Debug\dcpatch.exe.intermediate.manifest" /MANIFESTUAC:"level='asInvoker' uiAccess='false'" /DEBUG /PDB:"D:\dcprotect\Debug\dcpatch.pdb" /SUBSYSTEM:CONSOLE /TLBID:1 /DYNAMICBASE /NXCOMPAT /IMPLIB:"D:\dcprotect\Debug\dcpatch.lib" /MACHINE:X86 Debug\dcpatch.exe.embed.manifest.res
         Debug\DCPatcher.obj
         Debug\BoundImportDirectory.obj
         Debug\InputBuffer.obj
         Debug\OutputBuffer.obj
         Debug\ComHeaderDirectory.obj
         Debug\DebugDirectory.obj
         Debug\ExportDirectory.obj
         Debug\IatDirectory.obj
         Debug\MzHeader.obj
         Debug\PeFile.obj
         Debug\PeHeader.obj
         Debug\PeLibAux.obj
         Debug\RelocationsDirectory.obj
         Debug\ResourceDirectory.obj
         Debug\RunPatcher.obj
         Debug\decoder.obj
         Debug\distorm.obj
         Debug\instructions.obj
         Debug\insts.obj
         Debug\mnemonics.obj
         Debug\operands.obj
         Debug\prefix.obj
         Debug\textdefs.obj
         Debug\wstring.obj
         dcpatch.vcxproj -> D:\dcprotect\Debug\dcpatch.exe
       FinalizeBuildStatus:
         Deleting file "Debug\dcpatch.unsuccessfulbuild".
         Touching "Debug\dcpatch.lastbuildstate".
     1>Done Building Project "D:\dcprotect\dcpatch\dcpatch.vcxproj" (rebuild target(s)).

Build succeeded.

Time Elapsed 00:00:15.85
