Build started 7/12/2013 1:32:43 PM.
     1>Project "D:\dcprotect\dcprotect\dcprotect.vcxproj" on node 2 (rebuild target(s)).
     1>_PrepareForClean:
         Deleting file "Release\dcprotect.lastbuildstate".
       InitializeBuildStatus:
         Creating "Release\dcprotect.unsuccessfulbuild" because "AlwaysCreate" was specified.
       ClCompile:
         C:\Program Files\Microsoft Visual Studio 10.0\VC\bin\CL.exe /c /Zi /nologo /W3 /WX- /O2 /Oi /Oy- /GL /D WIN32 /D NDEBUG /D _CONSOLE /D _UNICODE /D UNICODE /Gm- /EHsc /MD /GS /Gy /fp:precise /Zc:wchar_t /Zc:forScope /Fo"Release\\" /Fd"Release\vc100.pdb" /Gd /TP /analyze- /errorReport:prompt dcplib.cpp dcprotect.cpp
         dcplib.cpp
         dcprotect.cpp
       Link:
         C:\Program Files\Microsoft Visual Studio 10.0\VC\bin\link.exe /ERRORREPORT:PROMPT /OUT:"D:\dcprotect\Release\dcprotect.exe" /INCREMENTAL:NO /NOLOGO kernel32.lib user32.lib gdi32.lib winspool.lib comdlg32.lib advapi32.lib shell32.lib ole32.lib oleaut32.lib uuid.lib odbc32.lib odbccp32.lib /MANIFEST /ManifestFile:"Release\dcprotect.exe.intermediate.manifest" /MANIFESTUAC:"level='asInvoker' uiAccess='false'" /DEBUG /PDB:"D:\dcprotect\Release\dcprotect.pdb" /SUBSYSTEM:CONSOLE /OPT:REF /OPT:ICF /LTCG /TLBID:1 /DYNAMICBASE /NXCOMPAT /IMPLIB:"D:\dcprotect\Release\dcprotect.lib" /MACHINE:X86 Release\dcplib.obj
         Release\dcprotect.obj
         Generating code
         Finished generating code
         dcprotect.vcxproj -> D:\dcprotect\Release\dcprotect.exe
       Manifest:
         C:\Program Files\Microsoft SDKs\Windows\v7.0A\bin\mt.exe /nologo /verbose /outputresource:"D:\dcprotect\Release\dcprotect.exe;#1" /manifest Release\dcprotect.exe.intermediate.manifest
       FinalizeBuildStatus:
         Deleting file "Release\dcprotect.unsuccessfulbuild".
         Touching "Release\dcprotect.lastbuildstate".
     1>Done Building Project "D:\dcprotect\dcprotect\dcprotect.vcxproj" (rebuild target(s)).

Build succeeded.

Time Elapsed 00:00:01.34
